# JRE version: OpenJDK Runtime Environment Corretto-18.0.2.9.1 (18.0.2+9) (build 18.0.2+9-FR)
# Java VM: OpenJDK 64-Bit Server VM Corretto-18.0.2.9.1 (18.0.2+9-FR, mixed mode, sharing, tiered, compressed oops, compressed class ptrs, g1 gc, windows-amd64)
GC Precious Log:
 CardTable entry size: 512
 Card Set container configuration: InlinePtr #cards 5 size 8 Array Of Cards #cards 12 size 40 Howl #buckets 4 coarsen threshold 1843 Howl Bitmap #cards 512 size 80 coarsen threshold 460 Card regions per heap region 1 cards per card region 2048
 CPUs: 8 total, 8 available
 Memory: 7955M
 Large Page Support: Disabled
 NUMA Support: Disabled
 Compressed Oops: Enabled (32-bit)
 Heap Region Size: 1M
 Heap Min Capacity: 8M
 Heap Initial Capacity: 126M
 Heap Max Capacity: 1990M
 Pre-touch: Disabled
 Parallel Workers: 8
 Concurrent Workers: 2
 Concurrent Refinement Workers: 8
 Periodic GC: Disabled
Heap:
 garbage-first heap   total 48128K, used 17957K [0x0000000083a00000, 0x0000000100000000)
  region size 1024K, 7 young (7168K), 2 survivors (2048K)
 Metaspace       used 21830K, committed 22272K, reserved 1114112K
  class space    used 2363K, committed 2560K, reserved 1048576K
GC Heap History (14 events):
Event: 0.850 GC heap before
{Heap before GC invocations=0 (full 0):
 garbage-first heap   total 129024K, used 23552K [0x0000000083a00000, 0x0000000100000000)
  region size 1024K, 23 young (23552K), 0 survivors (0K)
 Metaspace       used 7618K, committed 7872K, reserved 1114112K
  class space    used 773K, committed 896K, reserved 1048576K
}
Event: 0.856 GC heap after
{Heap after GC invocations=1 (full 0):
 garbage-first heap   total 129024K, used 5163K [0x0000000083a00000, 0x0000000100000000)
  region size 1024K, 3 young (3072K), 3 survivors (3072K)
 Metaspace       used 7618K, committed 7872K, reserved 1114112K
  class space    used 773K, committed 896K, reserved 1048576K
}
Event: 1.958 GC heap before
{Heap before GC invocations=1 (full 0):
 garbage-first heap   total 129024K, used 35883K [0x0000000083a00000, 0x0000000100000000)
  region size 1024K, 33 young (33792K), 3 survivors (3072K)
 Metaspace       used 13687K, committed 14016K, reserved 1114112K
  class space    used 1511K, committed 1664K, reserved 1048576K
}
Event: 1.964 GC heap after
{Heap after GC invocations=2 (full 0):
 garbage-first heap   total 129024K, used 7818K [0x0000000083a00000, 0x0000000100000000)
  region size 1024K, 3 young (3072K), 3 survivors (3072K)
 Metaspace       used 13687K, committed 14016K, reserved 1114112K
  class space    used 1511K, committed 1664K, reserved 1048576K
}
Event: 97.091 GC heap before
{Heap before GC invocations=2 (full 0):
 garbage-first heap   total 129024K, used 81546K [0x0000000083a00000, 0x0000000100000000)
  region size 1024K, 75 young (76800K), 3 survivors (3072K)
 Metaspace       used 21112K, committed 21440K, reserved 1114112K
  class space    used 2333K, committed 2496K, reserved 1048576K
}
Event: 97.127 GC heap after
{Heap after GC invocations=3 (full 0):
 garbage-first heap   total 129024K, used 12507K [0x0000000083a00000, 0x0000000100000000)
  region size 1024K, 8 young (8192K), 8 survivors (8192K)
 Metaspace       used 21112K, committed 21440K, reserved 1114112K
  class space    used 2333K, committed 2496K, reserved 1048576K
}
Event: 141.756 GC heap before
{Heap before GC invocations=3 (full 0):
 garbage-first heap   total 129024K, used 24795K [0x0000000083a00000, 0x0000000100000000)
  region size 1024K, 21 young (21504K), 8 survivors (8192K)
 Metaspace       used 21201K, committed 21504K, reserved 1114112K
  class space    used 2335K, committed 2496K, reserved 1048576K
}
Event: 141.826 GC heap after
{Heap after GC invocations=4 (full 0):
 garbage-first heap   total 129024K, used 12167K [0x0000000083a00000, 0x0000000100000000)
  region size 1024K, 5 young (5120K), 5 survivors (5120K)
 Metaspace       used 21201K, committed 21504K, reserved 1114112K
  class space    used 2335K, committed 2496K, reserved 1048576K
}
Event: 312.515 GC heap before
{Heap before GC invocations=5 (full 0):
 garbage-first heap   total 48128K, used 34695K [0x0000000083a00000, 0x0000000100000000)
  region size 1024K, 28 young (28672K), 5 survivors (5120K)
 Metaspace       used 21543K, committed 21952K, reserved 1114112K
  class space    used 2357K, committed 2560K, reserved 1048576K
}
Event: 312.688 GC heap after
{Heap after GC invocations=6 (full 0):
 garbage-first heap   total 48128K, used 13879K [0x0000000083a00000, 0x0000000100000000)
  region size 1024K, 3 young (3072K), 3 survivors (3072K)
 Metaspace       used 21543K, committed 21952K, reserved 1114112K
  class space    used 2357K, committed 2560K, reserved 1048576K
}
Event: 313.535 GC heap before
{Heap before GC invocations=6 (full 0):
 garbage-first heap   total 48128K, used 14903K [0x0000000083a00000, 0x0000000100000000)
  region size 1024K, 4 young (4096K), 3 survivors (3072K)
 Metaspace       used 21603K, committed 22016K, reserved 1114112K
  class space    used 2359K, committed 2560K, reserved 1048576K
}
Event: 313.548 GC heap after
{Heap after GC invocations=7 (full 0):
 garbage-first heap   total 48128K, used 13444K [0x0000000083a00000, 0x0000000100000000)
  region size 1024K, 1 young (1024K), 1 survivors (1024K)
 Metaspace       used 21603K, committed 22016K, reserved 1114112K
  class space    used 2359K, committed 2560K, reserved 1048576K
}
Event: 584.214 GC heap before
{Heap before GC invocations=7 (full 0):
 garbage-first heap   total 48128K, used 33924K [0x0000000083a00000, 0x0000000100000000)
  region size 1024K, 22 young (22528K), 1 survivors (1024K)
 Metaspace       used 21803K, committed 22144K, reserved 1114112K
  class space    used 2363K, committed 2560K, reserved 1048576K
}
Event: 584.573 GC heap after
{Heap after GC invocations=8 (full 0):
 garbage-first heap   total 48128K, used 14885K [0x0000000083a00000, 0x0000000100000000)
  region size 1024K, 2 young (2048K), 2 survivors (2048K)
 Metaspace       used 21803K, committed 22144K, reserved 1114112K
  class space    used 2363K, committed 2560K, reserved 1048576K
}

